{"timestamp":"24/09/2023, 19:08","message":"Usuario activo: Gustavo Ovejero"}
{"timestamp":"24/09/2023, 19:18","message":"Usuario activo: Gustavo Ovejero"}
{"timestamp":"24/09/2023, 19:32","message":"Usuario activo: Gustavo Ovejero"}
{"timestamp":"24/09/2023, 19:41","message":"Usuario activo: Gustavo Ovejero"}
{"timestamp":"24/09/2023, 19:42","message":"Usuario activo: Gustavo Ovejero"}
{"timestamp":"24/09/2023, 19:44","message":"Usuario activo: Gustavo Ovejero"}
{"timestamp":"24/09/2023, 19:44","message":"El Usuario Gustavo Ovejero con ID  #6510b340da4c86422857e14f se ha Logueado con éxito.!"}
{"timestamp":"24/09/2023, 19:45","message":"El Usuario Gustavo Ovejero con ID  #6510b340da4c86422857e14f se ha Logueado con éxito.!"}
{"timestamp":"24/09/2023, 19:48","message":"Usuario activo: Gustavo Ovejero"}
{"timestamp":"24/09/2023, 19:48","message":"El Usuario Gustavo Ovejero con ID  #6510b340da4c86422857e14f se ha Logueado con éxito.!"}
{"timestamp":"24/09/2023, 19:54","message":"Usuario activo: Gustavo Ovejero"}
{"timestamp":"24/09/2023, 19:54","message":"Usuario activo: Jazmin QUeti"}
{"timestamp":"24/09/2023, 19:54","message":"El Usuario Gustavo Ovejero con ID  #6510b340da4c86422857e14f se ha Logueado con éxito.!"}
{"timestamp":"24/09/2023, 19:56","message":"Usuario activo: Gustavo Ovejero"}
{"timestamp":"24/09/2023, 19:56","message":"Usuario activo: Jazmin QUeti"}
{"timestamp":"24/09/2023, 19:56","message":"Usuario activo: Carolina Perez"}
{"timestamp":"24/09/2023, 20:22","message":"Usuario activo: Gustavo Ovejero"}
{"timestamp":"24/09/2023, 20:22","message":"Usuario activo: Jazmin QUeti"}
{"timestamp":"24/09/2023, 20:22","message":"Usuario activo: Carolina Perez"}
{"timestamp":"24/09/2023, 20:22","message":"Usuario activo: Carolina Perez"}
{"timestamp":"24/09/2023, 20:28","message":"Usuario activo: Gustavo Ovejero"}
{"timestamp":"24/09/2023, 20:28","message":"Usuario activo: Jazmin QUeti"}
{"timestamp":"24/09/2023, 20:28","message":"Usuario activo: Carolina Perez"}
{"timestamp":"24/09/2023, 20:28","message":"Usuario activo: Carolina asdasdsad"}
{"timestamp":"24/09/2023, 20:28","message":"Usuario activo: Carolina Perez"}
{"timestamp":"24/09/2023, 20:35","message":"Usuario activo: Gustavo Ovejero"}
{"timestamp":"24/09/2023, 20:35","message":"Usuario activo: Jazmin QUeti"}
{"timestamp":"24/09/2023, 20:35","message":"Usuario activo: Carolina Perez"}
{"timestamp":"24/09/2023, 20:35","message":"Usuario activo: Carolina asdasdsad"}
{"timestamp":"24/09/2023, 20:35","message":"Usuario activo: Carolina Perez"}
{"timestamp":"24/09/2023, 20:35","message":"Usuario activo: asdadadd asdadasdasd"}
{"timestamp":"24/09/2023, 20:37","message":"Usuario activo: Gustavo Ovejero"}
{"timestamp":"24/09/2023, 20:37","message":"Usuario activo: Jazmin QUeti"}
{"timestamp":"24/09/2023, 20:37","message":"Usuario activo: Carolina Perez"}
{"timestamp":"24/09/2023, 20:37","message":"Usuario activo: Carolina asdasdsad"}
{"timestamp":"24/09/2023, 20:37","message":"Usuario activo: Carolina Perez"}
{"timestamp":"24/09/2023, 20:37","message":"Usuario activo: sdasdad asdasdasd"}
{"timestamp":"24/09/2023, 20:37","message":"Usuario activo: asdadadd asdadasdasd"}
{"timestamp":"24/09/2023, 20:37","message":"Usuario activo: Gustavo Ovejero"}
{"timestamp":"24/09/2023, 20:37","message":"Usuario activo: Jazmin QUeti"}
{"timestamp":"24/09/2023, 20:37","message":"Usuario activo: Carolina Perez"}
{"timestamp":"24/09/2023, 20:37","message":"Usuario activo: Carolina asdasdsad"}
{"timestamp":"24/09/2023, 20:37","message":"Usuario activo: sadasdsad asdasdsad"}
{"timestamp":"24/09/2023, 20:37","message":"Usuario activo: Carolina Perez"}
{"timestamp":"24/09/2023, 20:37","message":"Usuario activo: asdadadd asdadasdasd"}
{"timestamp":"24/09/2023, 20:37","message":"Usuario activo: sdasdad asdasdasd"}
{"timestamp":"24/09/2023, 20:39","message":"Usuario activo: Gustavo Ovejero"}
{"timestamp":"24/09/2023, 20:39","message":"Usuario activo: Jazmin QUeti"}
{"timestamp":"24/09/2023, 20:39","message":"Usuario activo: Carolina Perez"}
{"timestamp":"24/09/2023, 20:39","message":"Usuario activo: Carolina asdasdsad"}
{"timestamp":"24/09/2023, 20:39","message":"Usuario activo: Carolina Perez"}
{"timestamp":"24/09/2023, 20:39","message":"Usuario activo: sadasdsad asdasdsad"}
{"timestamp":"24/09/2023, 20:39","message":"Usuario activo: sdasdad asdasdasd"}
{"timestamp":"24/09/2023, 20:39","message":"Usuario activo: asdasdsadas asdasdasdasd"}
{"timestamp":"24/09/2023, 20:39","message":"Usuario activo: asdadadd asdadasdasd"}
{"timestamp":"24/09/2023, 21:00","message":"El Usuario Gustavo Ovejero con ID  #6510b340da4c86422857e14f se ha Logueado con éxito.!"}
{"timestamp":"24/09/2023, 21:01","message":"El Usuario Gustavo Ovejero con ID  #6510b340da4c86422857e14f se ha Logueado con éxito.!"}
{"timestamp":"24/09/2023, 21:02","message":"El Usuario Gustavo Ovejero con ID #6510b340da4c86422857e14f se ha Deslogueado con éxito.!"}
{"timestamp":"24/09/2023, 21:05","message":"Usuario activo: Gustavo Ovejero"}
{"timestamp":"24/09/2023, 21:05","message":"Usuario activo: Jazmin QUeti"}
{"timestamp":"24/09/2023, 21:05","message":"Usuario activo: Carolina Perez"}
{"timestamp":"24/09/2023, 21:05","message":"Usuario activo: asdadadd asdadasdasd"}
{"timestamp":"24/09/2023, 21:05","message":"Usuario activo: Carolina asdasdsad"}
{"timestamp":"24/09/2023, 21:05","message":"Usuario activo: asdasdsadas asdasdasdasd"}
{"timestamp":"24/09/2023, 21:05","message":"Usuario activo: Carolina Perez"}
{"timestamp":"24/09/2023, 21:05","message":"Usuario activo: sdasdad asdasdasd"}
{"timestamp":"24/09/2023, 21:05","message":"Usuario activo: sadasdsad asdasdsad"}
{"timestamp":"24/09/2023, 21:07","message":"Usuario activo: Gustavo Ovejero"}
{"timestamp":"24/09/2023, 21:07","message":"Usuario activo: Jazmin QUeti"}
{"timestamp":"24/09/2023, 21:07","message":"Usuario activo: Carolina Perez"}
{"timestamp":"24/09/2023, 21:07","message":"Usuario activo: Carolina asdasdsad"}
{"timestamp":"24/09/2023, 21:07","message":"Usuario activo: Carolina Perez"}
{"timestamp":"24/09/2023, 21:07","message":"Usuario activo: sadasdsad asdasdsad"}
{"timestamp":"24/09/2023, 21:07","message":"Usuario activo: asdadadd asdadasdasd"}
{"timestamp":"24/09/2023, 21:07","message":"Usuario activo: asdasdsadas asdasdasdasd"}
{"timestamp":"24/09/2023, 21:07","message":"Usuario activo: Gustavo sadasdasd"}
{"timestamp":"24/09/2023, 21:07","message":"Usuario activo: sdasdad asdasdasd"}
{"timestamp":"24/09/2023, 21:08","message":"El Usuario Gustavo Ovejero con ID  #6510b340da4c86422857e14f se ha Logueado con éxito.!"}
{"timestamp":"24/09/2023, 21:09","message":"El Usuario Gustavo Ovejero con ID #6510b340da4c86422857e14f se ha Deslogueado con éxito.!"}
{"timestamp":"24/09/2023, 21:18","message":"El Usuario Carolina Perez con ID  #6510d1b3899c9388b92e0872 se ha Logueado con éxito.!"}
{"timestamp":"24/09/2023, 21:19","message":"El Usuario Carolina Perez con ID #6510d1b3899c9388b92e0872 se ha Deslogueado con éxito.!"}
{"timestamp":"24/09/2023, 21:20","message":"El Usuario Carolina Perez con ID  #6510d242899c9388b92e092a se ha Logueado con éxito.!"}
{"timestamp":"24/09/2023, 21:46","message":"El Usuario Carolina Perez con ID  #6510d242899c9388b92e092a se ha Logueado con éxito.!"}
{"timestamp":"24/09/2023, 22:15","message":"El Usuario Carolina Perez con ID  #6510d242899c9388b92e092a se ha Logueado con éxito.!"}
{"timestamp":"24/09/2023, 22:22","message":"Usuario activo: Carolina Perez"}
{"timestamp":"24/09/2023, 22:22","message":"Usuario activo: Carolina asdasdsad"}
{"timestamp":"24/09/2023, 22:22","message":"Usuario activo: sdasdad asdasdasd"}
{"timestamp":"24/09/2023, 22:22","message":"Usuario activo: sadasdsad asdasdsad"}
{"timestamp":"24/09/2023, 22:22","message":"Usuario activo: Carolina Perez"}
{"timestamp":"24/09/2023, 22:22","message":"Usuario activo: asdadadd asdadasdasd"}
{"timestamp":"24/09/2023, 22:22","message":"Usuario activo: Carolina Perez"}
{"timestamp":"24/09/2023, 22:22","message":"Usuario activo: asdasdsadas asdasdasdasd"}
{"timestamp":"24/09/2023, 22:22","message":"Usuario activo: Gustavo sadasdasd"}
{"timestamp":"24/09/2023, 22:39","message":"Usuario activo: Carolina Perez"}
{"timestamp":"24/09/2023, 22:39","message":"Usuario activo: Carolina asdasdsad"}
{"timestamp":"24/09/2023, 22:39","message":"Usuario activo: asdadadd asdadasdasd"}
{"timestamp":"24/09/2023, 22:39","message":"Usuario activo: sadasdsad asdasdsad"}
{"timestamp":"24/09/2023, 22:39","message":"Usuario activo: sdasdad asdasdasd"}
{"timestamp":"24/09/2023, 22:39","message":"Usuario activo: asdasdsadas asdasdasdasd"}
{"timestamp":"24/09/2023, 22:39","message":"Usuario activo: Carolina Perez"}
{"timestamp":"24/09/2023, 22:39","message":"Usuario activo: Gustavo sadasdasd"}
{"timestamp":"24/09/2023, 22:39","message":"Usuario activo: Carolina Perez"}
{"timestamp":"25/09/2023, 01:09","message":"Usuario activo: Carolina Perez"}
{"timestamp":"25/09/2023, 01:09","message":"Usuario activo: Carolina asdasdsad"}
{"timestamp":"25/09/2023, 01:09","message":"Usuario activo: asdadadd asdadasdasd"}
{"timestamp":"25/09/2023, 01:09","message":"Usuario activo: sadasdsad asdasdsad"}
{"timestamp":"25/09/2023, 01:09","message":"Usuario activo: Carolina Perez"}
{"timestamp":"25/09/2023, 01:09","message":"Usuario activo: sdasdad asdasdasd"}
{"timestamp":"25/09/2023, 01:09","message":"Usuario activo: asdasdsadas asdasdasdasd"}
{"timestamp":"25/09/2023, 01:09","message":"Usuario activo: Carolina Perez"}
{"timestamp":"25/09/2023, 01:09","message":"Usuario activo: Gustavo sadasdasd"}
{"timestamp":"25/09/2023, 01:26","message":"El Usuario Carolina Perez con ID  #6510d242899c9388b92e092a se ha Logueado con éxito.!"}
{"timestamp":"25/09/2023, 02:09","message":"Usuario activo: Carolina Perez"}
{"timestamp":"25/09/2023, 02:09","message":"Usuario activo: Carolina asdasdsad"}
{"timestamp":"25/09/2023, 02:09","message":"Usuario activo: asdadadd asdadasdasd"}
{"timestamp":"25/09/2023, 02:09","message":"Usuario activo: Gustavo sadasdasd"}
{"timestamp":"25/09/2023, 02:09","message":"Usuario activo: sdasdad asdasdasd"}
{"timestamp":"25/09/2023, 02:09","message":"Usuario activo: Carolina Perez"}
{"timestamp":"25/09/2023, 02:09","message":"Usuario activo: asdasdsadas asdasdasdasd"}
{"timestamp":"25/09/2023, 02:09","message":"Usuario activo: Carolina Perez"}
{"timestamp":"25/09/2023, 02:09","message":"Usuario activo: sadasdsad asdasdsad"}
{"timestamp":"25/09/2023, 02:11","message":"Usuario activo: Carolina Perez"}
{"timestamp":"25/09/2023, 02:11","message":"Usuario activo: Carolina asdasdsad"}
{"timestamp":"25/09/2023, 02:11","message":"Usuario activo: sdasdad asdasdasd"}
{"timestamp":"25/09/2023, 02:11","message":"Usuario activo: sadasdsad asdasdsad"}
{"timestamp":"25/09/2023, 02:11","message":"Usuario activo: Carolina Perez"}
{"timestamp":"25/09/2023, 02:11","message":"Usuario activo: asdadadd asdadasdasd"}
{"timestamp":"25/09/2023, 02:11","message":"Usuario activo: asdasdsadas asdasdasdasd"}
{"timestamp":"25/09/2023, 02:11","message":"Usuario activo: Carolina Perez"}
{"timestamp":"25/09/2023, 02:11","message":"Usuario activo: Gustavo sadasdasd"}
{"timestamp":"25/09/2023, 02:48","message":"Usuario activo: Carolina Perez"}
{"timestamp":"25/09/2023, 02:48","message":"Usuario activo: Carolina asdasdsad"}
{"timestamp":"25/09/2023, 02:48","message":"Usuario activo: asdadadd asdadasdasd"}
{"timestamp":"25/09/2023, 02:48","message":"Usuario activo: sadasdsad asdasdsad"}
{"timestamp":"25/09/2023, 02:48","message":"Usuario activo: sdasdad asdasdasd"}
{"timestamp":"25/09/2023, 02:48","message":"Usuario activo: asdasdsadas asdasdasdasd"}
{"timestamp":"25/09/2023, 02:48","message":"Usuario activo: Carolina Perez"}
{"timestamp":"25/09/2023, 02:48","message":"Usuario activo: Gustavo sadasdasd"}
{"timestamp":"25/09/2023, 02:48","message":"Usuario activo: Carolina Perez"}
{"timestamp":"25/09/2023, 03:30","message":"Usuario activo: Carolina Perez"}
{"timestamp":"25/09/2023, 03:30","message":"Usuario activo: Carolina asdasdsad"}
{"timestamp":"25/09/2023, 03:30","message":"Usuario activo: sdasdad asdasdasd"}
{"timestamp":"25/09/2023, 03:30","message":"Usuario activo: sadasdsad asdasdsad"}
{"timestamp":"25/09/2023, 03:30","message":"Usuario activo: Gustavo sadasdasd"}
{"timestamp":"25/09/2023, 03:30","message":"Usuario activo: asdasdsadas asdasdasdasd"}
{"timestamp":"25/09/2023, 03:30","message":"Usuario activo: asdadadd asdadasdasd"}
{"timestamp":"25/09/2023, 03:30","message":"Usuario activo: Carolina Perez"}
{"timestamp":"25/09/2023, 03:30","message":"Usuario activo: Carolina Perez"}
{"timestamp":"25/09/2023, 04:19","message":"Usuario activo: Carolina Perez"}
{"timestamp":"25/09/2023, 04:19","message":"Usuario activo: Carolina asdasdsad"}
{"timestamp":"25/09/2023, 04:19","message":"Usuario activo: asdadadd asdadasdasd"}
{"timestamp":"25/09/2023, 04:19","message":"Usuario activo: sadasdsad asdasdsad"}
{"timestamp":"25/09/2023, 04:19","message":"Usuario activo: Gustavo sadasdasd"}
{"timestamp":"25/09/2023, 04:19","message":"Usuario activo: asdasdsadas asdasdasdasd"}
{"timestamp":"25/09/2023, 04:19","message":"Usuario activo: Carolina Perez"}
{"timestamp":"25/09/2023, 04:19","message":"Usuario activo: sdasdad asdasdasd"}
{"timestamp":"25/09/2023, 04:19","message":"Usuario activo: Carolina Perez"}
{"timestamp":"25/09/2023, 04:27","message":"Usuario activo: Carolina Perez"}
{"timestamp":"25/09/2023, 04:27","message":"Usuario activo: Carolina asdasdsad"}
{"timestamp":"25/09/2023, 04:27","message":"Usuario activo: asdadadd asdadasdasd"}
{"timestamp":"25/09/2023, 04:27","message":"Usuario activo: sadasdsad asdasdsad"}
{"timestamp":"25/09/2023, 04:27","message":"Usuario activo: Carolina Perez"}
{"timestamp":"25/09/2023, 04:27","message":"Usuario activo: sdasdad asdasdasd"}
{"timestamp":"25/09/2023, 04:27","message":"Usuario activo: asdasdsadas asdasdasdasd"}
{"timestamp":"25/09/2023, 04:27","message":"Usuario activo: Gustavo sadasdasd"}
{"timestamp":"25/09/2023, 04:27","message":"Usuario activo: Carolina Perez"}
{"timestamp":"26/09/2023, 01:26","message":"Usuario activo: Carolina Perez"}
{"timestamp":"26/09/2023, 01:26","message":"Usuario activo: Carolina asdasdsad"}
{"timestamp":"26/09/2023, 01:26","message":"Usuario activo: asdadadd asdadasdasd"}
{"timestamp":"26/09/2023, 01:26","message":"Usuario activo: sdasdad asdasdasd"}
{"timestamp":"26/09/2023, 01:26","message":"Usuario activo: sadasdsad asdasdsad"}
{"timestamp":"26/09/2023, 01:26","message":"Usuario activo: Carolina Perez"}
{"timestamp":"26/09/2023, 01:26","message":"Usuario activo: asdasdsadas asdasdasdasd"}
{"timestamp":"26/09/2023, 01:26","message":"Usuario activo: Carolina Perez"}
{"timestamp":"26/09/2023, 01:26","message":"Usuario activo: Gustavo sadasdasd"}
{"timestamp":"26/09/2023, 01:26","message":"El Usuario Carolina Perez con ID #6510d242899c9388b92e092a se ha Deslogueado con éxito.!"}
{"timestamp":"26/09/2023, 01:26","message":"El Usuario Carolina Perez con ID  #6510d242899c9388b92e092a se ha Logueado con éxito.!"}
{"timestamp":"26/09/2023, 02:45","message":"Usuario activo: Carolina Perez"}
{"timestamp":"26/09/2023, 02:45","message":"Usuario activo: Carolina asdasdsad"}
{"timestamp":"26/09/2023, 02:45","message":"Usuario activo: asdadadd asdadasdasd"}
{"timestamp":"26/09/2023, 02:45","message":"Usuario activo: sadasdsad asdasdsad"}
{"timestamp":"26/09/2023, 02:45","message":"Usuario activo: Carolina Perez"}
{"timestamp":"26/09/2023, 02:45","message":"Usuario activo: sdasdad asdasdasd"}
{"timestamp":"26/09/2023, 02:45","message":"Usuario activo: asdasdsadas asdasdasdasd"}
{"timestamp":"26/09/2023, 02:45","message":"Usuario activo: Carolina Perez"}
{"timestamp":"26/09/2023, 02:45","message":"Usuario activo: Gustavo sadasdasd"}
{"timestamp":"26/09/2023, 02:46","message":"Usuario activo: Carolina Perez"}
{"timestamp":"26/09/2023, 02:46","message":"Usuario activo: Carolina asdasdsad"}
{"timestamp":"26/09/2023, 02:46","message":"Usuario activo: sdasdad asdasdasd"}
{"timestamp":"26/09/2023, 02:46","message":"Usuario activo: sadasdsad asdasdsad"}
{"timestamp":"26/09/2023, 02:46","message":"Usuario activo: Carolina Perez"}
{"timestamp":"26/09/2023, 02:46","message":"Usuario activo: asdadadd asdadasdasd"}
{"timestamp":"26/09/2023, 02:46","message":"Usuario activo: asdasdsadas asdasdasdasd"}
{"timestamp":"26/09/2023, 02:46","message":"Usuario activo: Gustavo sadasdasd"}
{"timestamp":"26/09/2023, 02:46","message":"Usuario activo: Carolina Perez"}
{"timestamp":"26/09/2023, 02:54","message":"El Usuario Carolina Perez con ID  #6510d242899c9388b92e092a se ha Logueado con éxito.!"}
{"timestamp":"26/09/2023, 03:02","message":"Usuario activo: Alejandro Di Stefano"}
{"timestamp":"26/09/2023, 03:02","message":"Usuario activo: Alejandro Daniel Di Stefano "}
{"timestamp":"26/09/2023, 03:02","message":"Usuario activo: Alex Marin Mendez"}
{"timestamp":"26/09/2023, 03:02","message":"Usuario inactivo: Administrador CoderHouse | Último inicio de sesión: 08/08/2020 | Hace más de un año que no se conecta.!!"}
{"timestamp":"26/09/2023, 03:02","message":"Usuario inactivo: Usuario Siempre Inactivo | Último inicio de sesión: 08/08/2020 | Hace más de un año que no se conecta.!!"}
{"timestamp":"26/09/2023, 03:13","message":"El Usuario Carolina Perez con ID #6510d242899c9388b92e092a se ha Deslogueado con éxito.!"}
{"timestamp":"26/09/2023, 03:19","message":"Usuario activo: Alejandro Di Stefano"}
{"timestamp":"26/09/2023, 03:19","message":"Usuario activo: Alejandro Daniel Di Stefano "}
{"timestamp":"26/09/2023, 03:19","message":"Usuario activo: Alex Marin Mendez"}
{"timestamp":"26/09/2023, 03:23","message":"El Usuario Gustavo Ovejero con ID  #651278bd211b4bc314de9ae9 se ha Logueado con éxito.!"}
{"timestamp":"26/09/2023, 03:32","message":"Usuario activo: Alejandro Di Stefano"}
{"timestamp":"26/09/2023, 03:32","message":"Usuario activo: Alejandro Daniel Di Stefano "}
{"timestamp":"26/09/2023, 03:32","message":"Usuario activo: Gustavo Ovejero"}
{"timestamp":"26/09/2023, 03:32","message":"Usuario activo: Alex Marin Mendez"}
{"timestamp":"26/09/2023, 03:34","message":"El Usuario Gustavo Ovejero con ID  #651278bd211b4bc314de9ae9 se ha Logueado con éxito.!"}
{"timestamp":"26/09/2023, 03:35","message":"El Usuario Gustavo Ovejero con ID #651278bd211b4bc314de9ae9 se ha Deslogueado con éxito.!"}
{"timestamp":"26/09/2023, 03:36","message":"El Usuario Gustavo Ovejero con ID  #651278bd211b4bc314de9ae9 se ha Logueado con éxito.!"}
{"timestamp":"26/09/2023, 03:38","message":"El Usuario Gustavo Ovejero con ID #651278bd211b4bc314de9ae9 se ha Deslogueado con éxito.!"}
{"timestamp":"26/09/2023, 03:38","message":"El Usuario Gustavo Ovejero con ID  #651278bd211b4bc314de9ae9 se ha Logueado con éxito.!"}
